Build started 3/28/2016 6:53:26 PM.
     1>Project "E:\Work\Streamcrop\Projects\Glwiz\Work\AdbRemoteControl\AdbRemoteControl\AdbRemoteControl.vcxproj" on node 2 (Rebuild target(s)).
     1>ClCompile:
         C:\Program Files (x86)\Microsoft Visual Studio 12.0\VC\bin\CL.exe /c /Zi /nologo /W3 /WX- /sdl /O2 /Oi /Oy- /GL /D WIN32 /D _WINDOWS /D NDEBUG /D _UNICODE /D UNICODE /Gm- /EHsc /MT /GS /Gy /fp:precise /Zc:wchar_t /Zc:forScope /Yc"stdafx.h" /Fp"Release\AdbRemoteControl.pch" /Fo"Release\\" /Fd"Release\vc120.pdb" /Gd /TP /analyze- /errorReport:prompt stdafx.cpp
         stdafx.cpp
         C:\Program Files (x86)\Microsoft Visual Studio 12.0\VC\bin\CL.exe /c /Zi /nologo /W3 /WX- /sdl /O2 /Oi /Oy- /GL /D WIN32 /D _WINDOWS /D NDEBUG /D _UNICODE /D UNICODE /Gm- /EHsc /MT /GS /Gy /fp:precise /Zc:wchar_t /Zc:forScope /Yu"stdafx.h" /Fp"Release\AdbRemoteControl.pch" /Fo"Release\\" /Fd"Release\vc120.pdb" /Gd /TP /analyze- /errorReport:prompt AdbRemoteControl.cpp AdbRemoteControlDlg.cpp
         AdbRemoteControl.cpp
         AdbRemoteControlDlg.cpp
       ResourceCompile:
         C:\Program Files (x86)\Windows Kits\8.1\bin\x86\rc.exe /D NDEBUG /D _UNICODE /D UNICODE /l"0x0409" /IRelease\ /nologo /fo"Release\AdbRemoteControl.res" AdbRemoteControl.rc 
       Link:
         C:\Program Files (x86)\Microsoft Visual Studio 12.0\VC\bin\link.exe /ERRORREPORT:PROMPT /OUT:"E:\Work\Streamcrop\Projects\Glwiz\Work\AdbRemoteControl\Release\AdbRemoteControl.exe" /INCREMENTAL:NO /NOLOGO /MANIFEST /MANIFESTUAC:"level='asInvoker' uiAccess='false'" /manifest:embed /manifestinput:"C:\Program Files (x86)\Microsoft Visual Studio 12.0\VC\Include\Manifest\dpiaware.manifest" /DEBUG /PDB:"E:\Work\Streamcrop\Projects\Glwiz\Work\AdbRemoteControl\Release\AdbRemoteControl.pdb" /SUBSYSTEM:WINDOWS /OPT:REF /OPT:ICF /LTCG /TLBID:1 /ENTRY:"wWinMainCRTStartup" /DYNAMICBASE /NXCOMPAT /IMPLIB:"E:\Work\Streamcrop\Projects\Glwiz\Work\AdbRemoteControl\Release\AdbRemoteControl.lib" /MACHINE:X86 /SAFESEH Release\AdbRemoteControl.res
         Release\AdbRemoteControl.obj
         Release\AdbRemoteControlDlg.obj
         Release\stdafx.obj
         Generating code
         Finished generating code
         AdbRemoteControl.vcxproj -> E:\Work\Streamcrop\Projects\Glwiz\Work\AdbRemoteControl\Release\AdbRemoteControl.exe
     1>Done Building Project "E:\Work\Streamcrop\Projects\Glwiz\Work\AdbRemoteControl\AdbRemoteControl\AdbRemoteControl.vcxproj" (Rebuild target(s)).

Build succeeded.

Time Elapsed 00:00:09.66
