Build started 3/28/2016 10:37:09 AM.
     1>Project "E:\Work\Streamcrop\Projects\Glwiz\Work\AdbRemoteControl\AdbRemoteControl\AdbRemoteControl.vcxproj" on node 2 (Build target(s)).
     1>ClCompile:
         C:\Program Files (x86)\Microsoft Visual Studio 12.0\VC\bin\CL.exe /c /ZI /nologo /W3 /WX- /sdl /Od /Oy- /D WIN32 /D _WINDOWS /D _DEBUG /D _UNICODE /D UNICODE /Gm /EHsc /RTC1 /MTd /GS /fp:precise /Zc:wchar_t /Zc:forScope /Yc"stdafx.h" /Fp"Debug\AdbRemoteControl.pch" /Fo"Debug\\" /Fd"Debug\vc120.pdb" /Gd /TP /analyze- /errorReport:prompt stdafx.cpp
         stdafx.cpp
         C:\Program Files (x86)\Microsoft Visual Studio 12.0\VC\bin\CL.exe /c /ZI /nologo /W3 /WX- /sdl /Od /Oy- /D WIN32 /D _WINDOWS /D _DEBUG /D _UNICODE /D UNICODE /Gm /EHsc /RTC1 /MTd /GS /fp:precise /Zc:wchar_t /Zc:forScope /Yu"stdafx.h" /Fp"Debug\AdbRemoteControl.pch" /Fo"Debug\\" /Fd"Debug\vc120.pdb" /Gd /TP /analyze- /errorReport:prompt AdbRemoteControl.cpp AdbRemoteControlDlg.cpp
         AdbRemoteControlDlg.cpp
         AdbRemoteControl.cpp
         Generating Code...
       ResourceCompile:
         C:\Program Files (x86)\Windows Kits\8.1\bin\x86\rc.exe /D _DEBUG /D _UNICODE /D UNICODE /l"0x0409" /IDebug\ /nologo /fo"Debug\AdbRemoteControl.res" AdbRemoteControl.rc 
       Link:
         C:\Program Files (x86)\Microsoft Visual Studio 12.0\VC\bin\link.exe /ERRORREPORT:PROMPT /OUT:"E:\Work\Streamcrop\Projects\Glwiz\Work\AdbRemoteControl\Debug\AdbRemoteControl.exe" /INCREMENTAL /NOLOGO /MANIFEST /MANIFESTUAC:"level='asInvoker' uiAccess='false'" /manifest:embed /manifestinput:"C:\Program Files (x86)\Microsoft Visual Studio 12.0\VC\Include\Manifest\dpiaware.manifest" /DEBUG /PDB:"E:\Work\Streamcrop\Projects\Glwiz\Work\AdbRemoteControl\Debug\AdbRemoteControl.pdb" /SUBSYSTEM:WINDOWS /TLBID:1 /ENTRY:"wWinMainCRTStartup" /DYNAMICBASE /NXCOMPAT /IMPLIB:"E:\Work\Streamcrop\Projects\Glwiz\Work\AdbRemoteControl\Debug\AdbRemoteControl.lib" /MACHINE:X86 Debug\AdbRemoteControl.res
         Debug\AdbRemoteControl.obj
         Debug\AdbRemoteControlDlg.obj
         Debug\stdafx.obj
         AdbRemoteControl.vcxproj -> E:\Work\Streamcrop\Projects\Glwiz\Work\AdbRemoteControl\Debug\AdbRemoteControl.exe
     1>Done Building Project "E:\Work\Streamcrop\Projects\Glwiz\Work\AdbRemoteControl\AdbRemoteControl\AdbRemoteControl.vcxproj" (Build target(s)).

Build succeeded.

Time Elapsed 00:00:04.75
